Exception ignored in: <bound method PhotoImage.__del__ of <PIL.ImageTk.PhotoImage object at 0x7fc37bc324a8>>
Traceback (most recent call last):
  File "/home/paol/.local/lib/python3.6/site-packages/PIL/ImageTk.py", line 130, in __del__
    name = self.__photo.name
AttributeError: 'PhotoImage' object has no attribute '_PhotoImage__photo'
Exception ignored in: <bound method PhotoImage.__del__ of <PIL.ImageTk.PhotoImage object at 0x7fc37bc32c18>>
Traceback (most recent call last):
  File "/home/paol/.local/lib/python3.6/site-packages/PIL/ImageTk.py", line 130, in __del__
    name = self.__photo.name
AttributeError: 'PhotoImage' object has no attribute '_PhotoImage__photo'
Exception ignored in: <bound method PhotoImage.__del__ of <PIL.ImageTk.PhotoImage object at 0x7fc35148ef60>>
Traceback (most recent call last):
  File "/home/paol/.local/lib/python3.6/site-packages/PIL/ImageTk.py", line 130, in __del__
    name = self.__photo.name
AttributeError: 'PhotoImage' object has no attribute '_PhotoImage__photo'
Exception ignored in: <bound method PhotoImage.__del__ of <PIL.ImageTk.PhotoImage object at 0x7fc35149bda0>>
Traceback (most recent call last):
  File "/home/paol/.local/lib/python3.6/site-packages/PIL/ImageTk.py", line 130, in __del__
    name = self.__photo.name
AttributeError: 'PhotoImage' object has no attribute '_PhotoImage__photo'
